Build started 20.01.2021 09:53:05.
Environment at start of build:
ALLUSERSPROFILE = C:\ProgramData
APPDATA = C:\Users\Sara\AppData\Roaming
AVR32_HOME = C:\WinAVR-20100110
ChocolateyInstall = C:\ProgramData\chocolatey
ChocolateyLastPathUpdate = 132491755240011754
CommonProgramFiles = C:\Program Files (x86)\Common Files
CommonProgramFiles(x86) = C:\Program Files (x86)\Common Files
CommonProgramW6432 = C:\Program Files\Common Files
COMPUTERNAME = DESKTOP-9QE6HAG
ComSpec = C:\Windows\system32\cmd.exe
DriverData = C:\Windows\System32\Drivers\DriverData
FPS_BROWSER_APP_PROFILE_STRING = Internet Explorer
FPS_BROWSER_USER_PROFILE_STRING = Default
HOMEDRIVE = C:
HOMEPATH = \Users\Sara
IntelliJ IDEA = C:\Program Files\JetBrains\IntelliJ IDEA 2020.2.3\bin;
LOCALAPPDATA = C:\Users\Sara\AppData\Local
LOGONSERVER = \\DESKTOP-9QE6HAG
MGLS_LICENSE_FILE = C:\PADS_Professional_QuickStart_VX.2.7\PadsPro.dat
MSBuildLoadMicrosoftTargetsReadOnly = true
NUMBER_OF_PROCESSORS = 4
OneDrive = C:\Users\Sara\OneDrive
OneDriveConsumer = C:\Users\Sara\OneDrive
OS = Windows_NT
Path = C:\Program Files\Common Files\Oracle\Java\javapath;C:\Python39\Scripts\;C:\Python39\;C:\Program Files (x86)\Common Files\Oracle\Java\javapath;C:\Windows\system32;C:\Windows;C:\Windows\System32\Wbem;C:\Windows\System32\WindowsPowerShell\v1.0\;C:\Windows\System32\OpenSSH\;C:\Program Files\Microsoft SQL Server\130\Tools\Binn\;C:\Program Files\Microsoft SQL Server\Client SDK\ODBC\170\Tools\Binn\;E;C:\Program Files\NVIDIA Corporation\NVIDIA NvDLISR;C:\Program Files (x86)\NVIDIA Corporation\PhysX\Common;C:\Program Files\dotnet\;C:\Program Files\Git\cmd;C:\ProgramData\chocolatey\bin;C:\Program Files\nodejs\;C:\Users\Sara\AppData\Local\Microsoft\WindowsApps;;E:\Programy\Microsoft VS Code\bin;C:\Users\Sara\.dotnet\tools;C:\Users\Sara\AppData\Roaming\npm;C:\Program Files\JetBrains\IntelliJ IDEA 2020.2.3\bin;
PATHEXT = .COM;.EXE;.BAT;.CMD;.VBS;.VBE;.JS;.JSE;.WSF;.WSH;.MSC
PkgDefApplicationConfigFile = C:\Users\Sara\AppData\Local\Microsoft\VisualStudio\16.0_8dfac0be\devenv.exe.config
PROCESSOR_ARCHITECTURE = x86
PROCESSOR_ARCHITEW6432 = AMD64
PROCESSOR_IDENTIFIER = Intel64 Family 6 Model 94 Stepping 3, GenuineIntel
PROCESSOR_LEVEL = 6
PROCESSOR_REVISION = 5e03
ProgramData = C:\ProgramData
ProgramFiles = C:\Program Files (x86)
ProgramFiles(x86) = C:\Program Files (x86)
ProgramW6432 = C:\Program Files
PSModulePath = C:\Program Files\WindowsPowerShell\Modules;C:\Windows\system32\WindowsPowerShell\v1.0\Modules
PUBLIC = C:\Users\Public
QtMsBuild = C:\Users\Sara\AppData\Local\QtMsBuild
ServiceHubLogSessionKey = EDF8A73C
SESSIONNAME = Console
SystemDrive = C:
SystemRoot = C:\Windows
TEMP = C:\Users\Sara\AppData\Local\Temp
ThreadedWaitDialogDpiContext = -4
TMP = C:\Users\Sara\AppData\Local\Temp
USERDOMAIN = DESKTOP-9QE6HAG
USERDOMAIN_ROAMINGPROFILE = DESKTOP-9QE6HAG
USERNAME = Sara
USERPROFILE = C:\Users\Sara
VBOX_MSI_INSTALL_PATH = C:\Program Files\Oracle\VirtualBox\
VisualStudioDir = C:\Users\Sara\Documents\Visual Studio 2019
VisualStudioEdition = Microsoft Visual Studio Enterprise 2019
VisualStudioVersion = 16.0
VSAPPIDDIR = C:\Program Files (x86)\Microsoft Visual Studio\2019\Enterprise\Common7\IDE\
VSAPPIDNAME = devenv.exe
VSLANG = 1033
VSSKUEDITION = Enterprise
WDIR_PADSProVX_2_7 = C:\WDIR\PADSProVX.2.7
windir = C:\Windows

Logging verbosity is set to: Normal.     1>Project "C:\Users\Sara\source\repos\AsmDLL\AsmDLL.vcxproj" on node 2 (Build target(s)).
     1>InitializeBuildStatus:
         Creating "x64\Release\AsmDLL.tlog\unsuccessfulbuild" because "AlwaysCreate" was specified.
       _MASM:
         Assembling AsmLib.asm...
         cmd.exe /C "C:\Users\Sara\AppData\Local\Temp\tmp1e7cc2f6eee5420799ea9ca43a3d7044.cmd"
         ml64.exe /c /nologo /Zi /Fo"x64\Release\AsmLib.obj" /W3 /errorReport:prompt  /TaAsmLib.asm
       ClCompile:
         C:\Program Files (x86)\Microsoft Visual Studio\2019\Enterprise\VC\Tools\MSVC\14.27.29110\bin\HostX86\x64\CL.exe /c /Zi /nologo /W3 /WX- /diagnostics:column /sdl /O2 /Oi /GL /D NDEBUG /D ASMDLL_EXPORTS /D _WINDOWS /D _USRDLL /D _WINDLL /D _UNICODE /D UNICODE /Gm- /EHsc /MD /GS /Gy /fp:precise /permissive- /Zc:wchar_t /Zc:forScope /Zc:inline /Yc"pch.h" /Fp"x64\Release\AsmDLL.pch" /Fo"x64\Release\\" /Fd"x64\Release\vc142.pdb" /Gd /TP /FC /errorReport:prompt pch.cpp
         pch.cpp
         C:\Program Files (x86)\Microsoft Visual Studio\2019\Enterprise\VC\Tools\MSVC\14.27.29110\bin\HostX86\x64\CL.exe /c /Zi /nologo /W3 /WX- /diagnostics:column /sdl /O2 /Oi /GL /D NDEBUG /D ASMDLL_EXPORTS /D _WINDOWS /D _USRDLL /D _WINDLL /D _UNICODE /D UNICODE /Gm- /EHsc /MD /GS /Gy /fp:precise /permissive- /Zc:wchar_t /Zc:forScope /Zc:inline /Yu"pch.h" /Fp"x64\Release\AsmDLL.pch" /Fo"x64\Release\\" /Fd"x64\Release\vc142.pdb" /Gd /TP /FC /errorReport:prompt dllmain.cpp
         dllmain.cpp
       Link:
         C:\Program Files (x86)\Microsoft Visual Studio\2019\Enterprise\VC\Tools\MSVC\14.27.29110\bin\HostX86\x64\link.exe /ERRORREPORT:PROMPT /OUT:"C:\Users\Sara\source\repos\JAProject\x64\Release\AsmDLL.dll" /INCREMENTAL:NO /NOLOGO kernel32.lib user32.lib gdi32.lib winspool.lib comdlg32.lib advapi32.lib shell32.lib ole32.lib oleaut32.lib uuid.lib odbc32.lib odbccp32.lib /DEF:"AsmLib.def" /MANIFEST /MANIFESTUAC:NO /manifest:embed /DEBUG /PDB:"C:\Users\Sara\source\repos\JAProject\x64\Release\AsmDLL.pdb" /SUBSYSTEM:WINDOWS /OPT:REF /OPT:ICF /LTCG:incremental /TLBID:1 /DYNAMICBASE /NXCOMPAT /IMPLIB:"C:\Users\Sara\source\repos\JAProject\x64\Release\AsmDLL.lib" /MACHINE:X64 /DLL x64\Release\dllmain.obj
         x64\Release\pch.obj
         x64\Release\AsmLib.obj
            Creating library C:\Users\Sara\source\repos\JAProject\x64\Release\AsmDLL.lib and object C:\Users\Sara\source\repos\JAProject\x64\Release\AsmDLL.exp
         Generating code
         Previous IPDB not found, fall back to full compilation.
         All 1 functions were compiled because no usable IPDB/IOBJ from previous compilation was found.
         Finished generating code
         AsmDLL.vcxproj -> C:\Users\Sara\source\repos\JAProject\x64\Release\AsmDLL.dll
       FinalizeBuildStatus:
         Deleting file "x64\Release\AsmDLL.tlog\unsuccessfulbuild".
         Touching "x64\Release\AsmDLL.tlog\AsmDLL.lastbuildstate".
     1>Done Building Project "C:\Users\Sara\source\repos\AsmDLL\AsmDLL.vcxproj" (Build target(s)).

Build succeeded.
    0 Warning(s)
    0 Error(s)

Time Elapsed 00:00:01.78
