c:\users\sara\source\repos\japroject\x64\release\asmdll.lib
c:\users\sara\source\repos\japroject\x64\release\asmdll.exp
c:\users\sara\source\repos\japroject\x64\release\asmdll.ipdb
c:\users\sara\source\repos\japroject\x64\release\asmdll.iobj
c:\users\sara\source\repos\asmdll\x64\release\asmdll.pch
c:\users\sara\source\repos\asmdll\x64\release\vc142.pdb
c:\users\sara\source\repos\asmdll\x64\release\pch.obj
c:\users\sara\source\repos\asmdll\x64\release\dllmain.obj
c:\users\sara\source\repos\japroject\x64\release\asmdll.dll
c:\users\sara\source\repos\japroject\x64\release\asmdll.pdb
c:\users\sara\source\repos\asmdll\x64\release\asmlib.obj
c:\users\sara\source\repos\asmdll\x64\release\asmdll.tlog\asmdll.write.1u.tlog
c:\users\sara\source\repos\asmdll\x64\release\asmdll.tlog\cl.command.1.tlog
c:\users\sara\source\repos\asmdll\x64\release\asmdll.tlog\cl.read.1.tlog
c:\users\sara\source\repos\asmdll\x64\release\asmdll.tlog\cl.write.1.tlog
c:\users\sara\source\repos\asmdll\x64\release\asmdll.tlog\link.command.1.tlog
c:\users\sara\source\repos\asmdll\x64\release\asmdll.tlog\link.read.1.tlog
c:\users\sara\source\repos\asmdll\x64\release\asmdll.tlog\link.write.1.tlog
c:\users\sara\source\repos\asmdll\x64\release\asmdll.tlog\masm.read.1u.tlog
c:\users\sara\source\repos\asmdll\x64\release\asmdll.tlog\masm.write.1u.tlog
