c:\users\sara\source\repos\japroject\x64\release\password.obj
c:\users\sara\source\repos\japroject\x64\release\japroject.obj
c:\users\sara\source\repos\japroject\x64\release\readwrite.obj
c:\users\sara\source\repos\japroject\x64\release\timecal.obj
c:\users\sara\source\repos\japroject\x64\release\main.obj
c:\users\sara\source\repos\japroject\x64\debug\qrc_japroject.obj
c:\users\sara\source\repos\japroject\x64\debug\moc_japroject.obj
c:\users\sara\source\repos\japroject\x64\debug\vc142.pdb
c:\users\sara\source\repos\japroject\x64\release\qrc_japroject.obj
c:\users\sara\source\repos\japroject\x64\release\moc_japroject.obj
c:\users\sara\source\repos\japroject\x64\debug\uic\ui_japroject.h
c:\users\sara\source\repos\japroject\x64\debug\rcc\qrc_japroject.cpp
c:\users\sara\source\repos\japroject\x64\debug\moc\moc_japroject.cpp
c:\users\sara\source\repos\japroject\x64\release\uic\ui_japroject.h
c:\users\sara\source\repos\japroject\x64\release\rcc\qrc_japroject.cpp
c:\users\sara\source\repos\japroject\x64\release\moc\moc_japroject.cpp
c:\users\sara\source\repos\japroject\x64\debug\japroject.ilk
c:\users\sara\source\repos\japroject\x64\debug\japroject.exe
c:\users\sara\source\repos\japroject\x64\debug\japroject.pdb
c:\users\sara\source\repos\japroject\x64\release\asmdll.ilk
c:\users\sara\source\repos\japroject\x64\release\clib.ilk
c:\users\sara\source\repos\japroject\x64\release\japroject.ilk
c:\users\sara\source\repos\japroject\x64\release\asmdll.ipdb
c:\users\sara\source\repos\japroject\x64\release\clib.ipdb
c:\users\sara\source\repos\japroject\x64\release\asmdll.iobj
c:\users\sara\source\repos\japroject\x64\release\clib.iobj
c:\users\sara\source\repos\japroject\x64\release\asmdll.exp
c:\users\sara\source\repos\japroject\x64\release\clib.exp
c:\users\sara\source\repos\japroject\x64\release\asmdll.pdb
c:\users\sara\source\repos\japroject\x64\release\clib.pdb
c:\users\sara\source\repos\japroject\x64\release\japroject.pdb
c:\users\sara\source\repos\japroject\x64\release\vc142.pdb
c:\users\sara\source\repos\japroject\x64\release\japroject.tlog\cl.11720.write.1.tlog
c:\users\sara\source\repos\japroject\x64\release\japroject.tlog\cl.command.1.tlog
c:\users\sara\source\repos\japroject\x64\release\japroject.tlog\cl.read.1.tlog
c:\users\sara\source\repos\japroject\x64\release\japroject.tlog\japroject.write.1u.tlog
c:\users\sara\source\repos\japroject\x64\release\japroject.tlog\link.command.1.tlog
c:\users\sara\source\repos\japroject\x64\release\japroject.tlog\link.read.1.tlog
c:\users\sara\source\repos\japroject\x64\release\japroject.tlog\link.write.1.tlog
c:\users\sara\source\repos\japroject\x64\release\japroject.tlog\moc.read.1u.tlog
c:\users\sara\source\repos\japroject\x64\release\japroject.tlog\moc.write.1u.tlog
c:\users\sara\source\repos\japroject\x64\release\japroject.tlog\rcc.read.1u.tlog
c:\users\sara\source\repos\japroject\x64\release\japroject.tlog\rcc.write.1u.tlog
c:\users\sara\source\repos\japroject\x64\release\japroject.tlog\uic.read.1u.tlog
c:\users\sara\source\repos\japroject\x64\release\japroject.tlog\uic.write.1u.tlog
