c:\users\sara\source\repos\japroject\x64\debug\asmdll.lib
c:\users\sara\source\repos\japroject\x64\debug\asmdll.exp
c:\users\sara\source\repos\asmdll\x64\debug\asmdll.pch
c:\users\sara\source\repos\asmdll\x64\debug\vc142.pdb
c:\users\sara\source\repos\asmdll\x64\debug\vc142.idb
c:\users\sara\source\repos\asmdll\x64\debug\pch.obj
c:\users\sara\source\repos\asmdll\x64\debug\dllmain.obj
c:\users\sara\source\repos\japroject\x64\debug\asmdll.ilk
c:\users\sara\source\repos\japroject\x64\debug\asmdll.dll
c:\users\sara\source\repos\japroject\x64\debug\asmdll.pdb
c:\users\sara\source\repos\asmdll\x64\debug\asmlib.obj
c:\users\sara\source\repos\asmdll\x64\debug\asmdll.tlog\asmdll.write.1u.tlog
c:\users\sara\source\repos\asmdll\x64\debug\asmdll.tlog\cl.command.1.tlog
c:\users\sara\source\repos\asmdll\x64\debug\asmdll.tlog\cl.read.1.tlog
c:\users\sara\source\repos\asmdll\x64\debug\asmdll.tlog\cl.write.1.tlog
c:\users\sara\source\repos\asmdll\x64\debug\asmdll.tlog\link.command.1.tlog
c:\users\sara\source\repos\asmdll\x64\debug\asmdll.tlog\link.read.1.tlog
c:\users\sara\source\repos\asmdll\x64\debug\asmdll.tlog\link.write.1.tlog
c:\users\sara\source\repos\asmdll\x64\debug\asmdll.tlog\masm.read.1u.tlog
c:\users\sara\source\repos\asmdll\x64\debug\asmdll.tlog\masm.write.1u.tlog
