c:\users\sara\source\repos\japroject\x64\debug\timecal.obj
c:\users\sara\source\repos\japroject\x64\debug\main.obj
c:\users\sara\source\repos\japroject\x64\debug\password.obj
c:\users\sara\source\repos\japroject\x64\debug\japroject.obj
c:\users\sara\source\repos\japroject\x64\debug\readwrite.obj
c:\users\sara\source\repos\japroject\x64\debug\vc142.pdb
c:\users\sara\source\repos\japroject\x64\debug\moc_japroject.obj
c:\users\sara\source\repos\japroject\x64\debug\qrc_japroject.obj
c:\users\sara\source\repos\japroject\x64\debug\uic\ui_japroject.h
c:\users\sara\source\repos\japroject\x64\debug\rcc\qrc_japroject.cpp
c:\users\sara\source\repos\japroject\x64\debug\moc\moc_japroject.cpp
c:\users\sara\source\repos\japroject\x64\debug\japroject.exe
c:\users\sara\source\repos\japroject\x64\debug\japroject.ilk
c:\users\sara\source\repos\japroject\x64\debug\japroject.pdb
c:\users\sara\source\repos\japroject\x64\debug\asmdll.ilk
c:\users\sara\source\repos\japroject\x64\debug\clib.ilk
c:\users\sara\source\repos\japroject\x64\debug\asmdll.exp
c:\users\sara\source\repos\japroject\x64\debug\clib.exp
c:\users\sara\source\repos\japroject\x64\debug\asmdll.pdb
c:\users\sara\source\repos\japroject\x64\debug\clib.pdb
c:\users\sara\source\repos\japroject\x64\debug\japroject.tlog\cl.15984.write.1.tlog
c:\users\sara\source\repos\japroject\x64\debug\japroject.tlog\cl.command.1.tlog
c:\users\sara\source\repos\japroject\x64\debug\japroject.tlog\cl.read.1.tlog
c:\users\sara\source\repos\japroject\x64\debug\japroject.tlog\japroject.write.1u.tlog
c:\users\sara\source\repos\japroject\x64\debug\japroject.tlog\link.command.1.tlog
c:\users\sara\source\repos\japroject\x64\debug\japroject.tlog\link.read.1.tlog
c:\users\sara\source\repos\japroject\x64\debug\japroject.tlog\link.write.1.tlog
c:\users\sara\source\repos\japroject\x64\debug\japroject.tlog\moc.read.1u.tlog
c:\users\sara\source\repos\japroject\x64\debug\japroject.tlog\moc.write.1u.tlog
c:\users\sara\source\repos\japroject\x64\debug\japroject.tlog\rcc.read.1u.tlog
c:\users\sara\source\repos\japroject\x64\debug\japroject.tlog\rcc.write.1u.tlog
c:\users\sara\source\repos\japroject\x64\debug\japroject.tlog\uic.read.1u.tlog
c:\users\sara\source\repos\japroject\x64\debug\japroject.tlog\uic.write.1u.tlog
